<?xml version='1.0' encoding='UTF-8'?>
<testsuites name='CIUITests.xctest' tests='3' failures='1'>
  <testsuite name='CITests.CITests' tests='2' failures='1'>
    <testcase classname='CITests.CITests' name='testExample'>
      <failure message='XCTAssertTrue failed - '>CITests/CITests.swift:28</failure>
    </testcase>
    <testcase classname='CITests.CITests' name='testPerformanceExample' time='0.255'/>
  </testsuite>
  <testsuite name='CIUITests.CIUITests' tests='1' failures='0'>
    <testcase classname='CIUITests.CIUITests' name='testExample' time='6.618'/>
  </testsuite>
</testsuites>